[GIN-debug] [WARNING] Creating an Engine instance with the Logger and Recovery middleware already attached.

[GIN-debug] [WARNING] Running in "debug" mode. Switch to "release" mode in production.
 - using env:	export GIN_MODE=release
 - using code:	gin.SetMode(gin.ReleaseMode)

[GIN-debug] GET    /base/hello               --> base-gin/api/v1.HelloWorld (3 handlers)
[GIN-VUE-ADMIN]2020/08/31 - 21:45:15.395 /home/work/goStudy/base-gin/core/server.go:19 ▶ [DEBUG] server run success on  :8081
[GIN] 2020/08/31 - 21:56:30 | 200 |      78.142µs |             ::1 | GET      "/base/hello"
[GIN-VUE-ADMIN]2020/08/31 - 22:02:28.530 /home/work/goStudy/base-gin/core/server.go:21 ▶ [ERROR] accept tcp [::]:8081: use of closed network connection
[GIN-debug] [WARNING] Creating an Engine instance with the Logger and Recovery middleware already attached.

[GIN-debug] [WARNING] Running in "debug" mode. Switch to "release" mode in production.
 - using env:	export GIN_MODE=release
 - using code:	gin.SetMode(gin.ReleaseMode)

[GIN-debug] GET    /base/hello               --> base-gin/api/v1.HelloWorld (3 handlers)
[GIN-VUE-ADMIN]2020/08/31 - 22:02:31.510 /home/work/goStudy/base-gin/core/server.go:19 ▶ [DEBUG] server run success on  :8081
[GIN-VUE-ADMIN]2020/08/31 - 22:11:20.547 /home/work/goStudy/base-gin/core/server.go:21 ▶ [ERROR] accept tcp [::]:8081: use of closed network connection
[GIN-VUE-ADMIN]2020/08/31 - 22:11:23.503 /home/work/goStudy/base-gin/initialize/mysql.go:13 ▶ [ERROR] MySQL启动异常 sql: unknown driver "mysql" (forgotten import?)
[GIN-VUE-ADMIN]2020/08/31 - 22:14:43.964 /home/work/goStudy/base-gin/initialize/mysql.go:13 ▶ [ERROR] MySQL启动异常 sql: unknown driver "mysql" (forgotten import?)
[GIN-debug] [WARNING] Creating an Engine instance with the Logger and Recovery middleware already attached.

[GIN-debug] [WARNING] Running in "debug" mode. Switch to "release" mode in production.
 - using env:	export GIN_MODE=release
 - using code:	gin.SetMode(gin.ReleaseMode)

[GIN-debug] GET    /base/hello               --> base-gin/api/v1.HelloWorld (3 handlers)
[GIN-VUE-ADMIN]2020/08/31 - 22:28:37.966 /home/work/goStudy/base-gin/core/server.go:19 ▶ [DEBUG] server run success on  :8081
[GIN-VUE-ADMIN]2020/08/31 - 22:31:21.848 /home/work/goStudy/base-gin/core/server.go:21 ▶ [ERROR] accept tcp [::]:8081: use of closed network connection
[GIN-VUE-ADMIN]2020/08/31 - 22:31:24.856 /home/work/goStudy/base-gin/initialize/mysql.go:21 ▶ [DEBUG] successfully connecting mysql
[GIN-debug] [WARNING] Creating an Engine instance with the Logger and Recovery middleware already attached.

[GIN-debug] [WARNING] Running in "debug" mode. Switch to "release" mode in production.
 - using env:	export GIN_MODE=release
 - using code:	gin.SetMode(gin.ReleaseMode)

[GIN-debug] GET    /base/hello               --> base-gin/api/v1.HelloWorld (3 handlers)
[GIN-VUE-ADMIN]2020/08/31 - 22:31:24.856 /home/work/goStudy/base-gin/core/server.go:19 ▶ [DEBUG] server run success on  :8081
[GIN-VUE-ADMIN]2020/08/31 - 22:44:37.720 /home/work/goStudy/base-gin/core/server.go:21 ▶ [ERROR] accept tcp [::]:8081: use of closed network connection
[GIN-VUE-ADMIN]2020/08/31 - 22:44:40.554 /home/work/goStudy/base-gin/initialize/mysql.go:21 ▶ [DEBUG] successfully connecting mysql
[GIN-debug] [WARNING] Creating an Engine instance with the Logger and Recovery middleware already attached.

[GIN-debug] [WARNING] Running in "debug" mode. Switch to "release" mode in production.
 - using env:	export GIN_MODE=release
 - using code:	gin.SetMode(gin.ReleaseMode)

[GIN-debug] GET    /base/hello               --> base-gin/api/v1.HelloWorld (3 handlers)
[GIN-VUE-ADMIN]2020/08/31 - 22:44:40.555 /home/work/goStudy/base-gin/core/server.go:19 ▶ [DEBUG] server run success on  :8081
[GIN-VUE-ADMIN]2020/08/31 - 22:45:20.746 /home/work/goStudy/base-gin/core/server.go:21 ▶ [ERROR] accept tcp [::]:8081: use of closed network connection
[GIN-VUE-ADMIN]2020/08/31 - 22:45:23.612 /home/work/goStudy/base-gin/initialize/mysql.go:21 ▶ [DEBUG] successfully connecting mysql
[GIN-debug] [WARNING] Creating an Engine instance with the Logger and Recovery middleware already attached.

[GIN-debug] [WARNING] Running in "debug" mode. Switch to "release" mode in production.
 - using env:	export GIN_MODE=release
 - using code:	gin.SetMode(gin.ReleaseMode)

[GIN-debug] GET    /base/hello               --> base-gin/api/v1.HelloWorld (3 handlers)
[GIN-VUE-ADMIN]2020/08/31 - 22:45:23.612 /home/work/goStudy/base-gin/core/server.go:19 ▶ [DEBUG] server run success on  :8081
[GIN-VUE-ADMIN]2020/08/31 - 22:47:26.488 /home/work/goStudy/base-gin/core/server.go:21 ▶ [ERROR] accept tcp [::]:8081: use of closed network connection
[GIN-VUE-ADMIN]2020/08/31 - 22:47:29.404 /home/work/goStudy/base-gin/initialize/mysql.go:22 ▶ [DEBUG] successfully connecting mysql
[GIN-debug] [WARNING] Creating an Engine instance with the Logger and Recovery middleware already attached.

[GIN-debug] [WARNING] Running in "debug" mode. Switch to "release" mode in production.
 - using env:	export GIN_MODE=release
 - using code:	gin.SetMode(gin.ReleaseMode)

[GIN-debug] GET    /base/hello               --> base-gin/api/v1.HelloWorld (3 handlers)
[GIN-VUE-ADMIN]2020/08/31 - 22:47:29.405 /home/work/goStudy/base-gin/core/server.go:19 ▶ [DEBUG] server run success on  :8081
[GIN-VUE-ADMIN]2020/08/31 - 22:50:03.066 /home/work/goStudy/base-gin/core/server.go:21 ▶ [ERROR] accept tcp [::]:8081: use of closed network connection
[GIN-VUE-ADMIN]2020/08/31 - 22:50:05.950 /home/work/goStudy/base-gin/initialize/mysql.go:22 ▶ [DEBUG] successfully connecting mysql
[GIN-debug] [WARNING] Creating an Engine instance with the Logger and Recovery middleware already attached.

[GIN-debug] [WARNING] Running in "debug" mode. Switch to "release" mode in production.
 - using env:	export GIN_MODE=release
 - using code:	gin.SetMode(gin.ReleaseMode)

[GIN-debug] GET    /base/hello               --> base-gin/api/v1.HelloWorld (3 handlers)
[GIN-VUE-ADMIN]2020/08/31 - 22:50:05.950 /home/work/goStudy/base-gin/core/server.go:19 ▶ [DEBUG] server run success on  :*8081
[GIN-VUE-ADMIN]2020/08/31 - 22:50:05.951 /home/work/goStudy/base-gin/core/server.go:21 ▶ [ERROR] net.Listen error: listen tcp: address tcp/*8081: unknown port
[GIN-VUE-ADMIN]2020/08/31 - 22:50:19.339 /home/work/goStudy/base-gin/initialize/mysql.go:22 ▶ [DEBUG] successfully connecting mysql
[GIN-debug] [WARNING] Creating an Engine instance with the Logger and Recovery middleware already attached.

[GIN-debug] [WARNING] Running in "debug" mode. Switch to "release" mode in production.
 - using env:	export GIN_MODE=release
 - using code:	gin.SetMode(gin.ReleaseMode)

[GIN-debug] GET    /base/hello               --> base-gin/api/v1.HelloWorld (3 handlers)
[GIN-VUE-ADMIN]2020/08/31 - 22:50:19.340 /home/work/goStudy/base-gin/core/server.go:19 ▶ [DEBUG] server run success on  :8081
[GIN] 2020/08/31 - 22:50:23 | 200 |     116.671µs |             ::1 | GET      "/base/hello"
[GIN-VUE-ADMIN]2020/08/31 - 22:51:46.696 /home/work/goStudy/base-gin/core/server.go:21 ▶ [ERROR] accept tcp [::]:8081: use of closed network connection
[GIN-VUE-ADMIN]2020/08/31 - 22:51:49.539 /home/work/goStudy/base-gin/initialize/mysql.go:22 ▶ [DEBUG] successfully connecting mysql
[GIN-debug] [WARNING] Creating an Engine instance with the Logger and Recovery middleware already attached.

[GIN-debug] [WARNING] Running in "debug" mode. Switch to "release" mode in production.
 - using env:	export GIN_MODE=release
 - using code:	gin.SetMode(gin.ReleaseMode)

[GIN-debug] GET    /base/hello               --> base-gin/api/v1.HelloWorld (3 handlers)
[GIN-VUE-ADMIN]2020/08/31 - 22:51:49.540 /home/work/goStudy/base-gin/core/server.go:20 ▶ [DEBUG] server run success on  :8081
[GIN-VUE-ADMIN]2020/08/31 - 22:54:13.796 /home/work/goStudy/base-gin/core/server.go:22 ▶ [ERROR] accept tcp [::]:8081: use of closed network connection
[GIN-VUE-ADMIN]2020/08/31 - 22:54:16.732 /home/work/goStudy/base-gin/initialize/mysql.go:22 ▶ [DEBUG] successfully connecting mysql
[GIN-debug] [WARNING] Creating an Engine instance with the Logger and Recovery middleware already attached.

[GIN-debug] [WARNING] Running in "debug" mode. Switch to "release" mode in production.
 - using env:	export GIN_MODE=release
 - using code:	gin.SetMode(gin.ReleaseMode)

[GIN-debug] GET    /base/hello               --> base-gin/api/v1.HelloWorld (3 handlers)
[GIN-VUE-ADMIN]2020/08/31 - 22:54:16.733 /home/work/goStudy/base-gin/core/server.go:19 ▶ [DEBUG] server run success on  :8081
[GIN-VUE-ADMIN]2020/08/31 - 22:56:15.953 /home/work/goStudy/base-gin/core/server.go:21 ▶ [ERROR] accept tcp [::]:8081: use of closed network connection
[GIN-VUE-ADMIN]2020/08/31 - 22:56:18.838 /home/work/goStudy/base-gin/initialize/mysql.go:22 ▶ [DEBUG] successfully connecting mysql
[GIN-debug] [WARNING] Creating an Engine instance with the Logger and Recovery middleware already attached.

[GIN-debug] [WARNING] Running in "debug" mode. Switch to "release" mode in production.
 - using env:	export GIN_MODE=release
 - using code:	gin.SetMode(gin.ReleaseMode)

[GIN-debug] GET    /base/hello               --> base-gin/api/v1.HelloWorld (3 handlers)
[GIN-VUE-ADMIN]2020/08/31 - 22:56:18.838 /home/work/goStudy/base-gin/core/server.go:21 ▶ [DEBUG] server run success on  :8081
