[GIN-VUE-ADMIN]2020/09/04 - 18:23:11.951 /home/work/goStudy/base-gin/initialize/mysql.go:23 ▶ [DEBUG] Connecting Mysql Successfully 
[GIN-debug] [WARNING] Creating an Engine instance with the Logger and Recovery middleware already attached.

[GIN-debug] [WARNING] Running in "debug" mode. Switch to "release" mode in production.
 - using env:	export GIN_MODE=release
 - using code:	gin.SetMode(gin.ReleaseMode)

[GIN-debug] GET    /base/hello               --> base-gin/api/v1.HelloWorld (3 handlers)
[GIN-VUE-ADMIN]2020/09/04 - 18:23:11.951 /home/work/goStudy/base-gin/core/server.go:21 ▶ [DEBUG] server run success on  :8081
[GIN-VUE-ADMIN]2020/09/04 - 18:24:18.521 /home/work/goStudy/base-gin/core/server.go:23 ▶ [ERROR] accept tcp [::]:8081: use of closed network connection
[GIN-VUE-ADMIN]2020/09/04 - 18:24:21.835 /home/work/goStudy/base-gin/initialize/mysql.go:23 ▶ [DEBUG] Connecting Mysql Successfully 
[GIN-debug] [WARNING] Creating an Engine instance with the Logger and Recovery middleware already attached.

[GIN-debug] [WARNING] Running in "debug" mode. Switch to "release" mode in production.
 - using env:	export GIN_MODE=release
 - using code:	gin.SetMode(gin.ReleaseMode)

[GIN-debug] GET    /base/hello               --> base-gin/api/v1.HelloWorld (3 handlers)
[GIN-VUE-ADMIN]2020/09/04 - 18:24:21.835 /home/work/goStudy/base-gin/core/server.go:21 ▶ [DEBUG] server run success on  :8081
[GIN-VUE-ADMIN]2020/09/04 - 18:25:04.504 /home/work/goStudy/base-gin/core/server.go:23 ▶ [ERROR] accept tcp [::]:8081: use of closed network connection
[GIN-VUE-ADMIN]2020/09/04 - 18:25:08.205 /home/work/goStudy/base-gin/initialize/mysql.go:23 ▶ [DEBUG] Connecting Mysql Successfully 
[GIN-debug] [WARNING] Creating an Engine instance with the Logger and Recovery middleware already attached.

[GIN-debug] [WARNING] Running in "debug" mode. Switch to "release" mode in production.
 - using env:	export GIN_MODE=release
 - using code:	gin.SetMode(gin.ReleaseMode)

[GIN-debug] GET    /base/hello               --> base-gin/api/v1.HelloWorld (3 handlers)
[GIN-VUE-ADMIN]2020/09/04 - 18:25:08.205 /home/work/goStudy/base-gin/core/server.go:21 ▶ [DEBUG] server run success on  :8081
[GIN-VUE-ADMIN]2020/09/04 - 18:48:39.872 /home/work/goStudy/base-gin/core/server.go:23 ▶ [ERROR] accept tcp [::]:8081: use of closed network connection
[GIN-VUE-ADMIN]2020/09/04 - 19:07:32.553 /home/work/goStudy/base-gin/initialize/mysql.go:23 ▶ [DEBUG] Connecting Mysql Successfully 
[GIN-debug] [WARNING] Creating an Engine instance with the Logger and Recovery middleware already attached.

[GIN-debug] [WARNING] Running in "debug" mode. Switch to "release" mode in production.
 - using env:	export GIN_MODE=release
 - using code:	gin.SetMode(gin.ReleaseMode)

[GIN-debug] GET    /base/hello               --> base-gin/api/v1.HelloWorld (3 handlers)
[GIN-VUE-ADMIN]2020/09/04 - 19:07:32.553 /home/work/goStudy/base-gin/core/server.go:21 ▶ [DEBUG] server run success on  :8081
[GIN-VUE-ADMIN]2020/09/04 - 19:08:17.154 /home/work/goStudy/base-gin/core/server.go:23 ▶ [ERROR] accept tcp [::]:8081: use of closed network connection
[GIN-VUE-ADMIN]2020/09/04 - 19:08:20.080 /home/work/goStudy/base-gin/initialize/mysql.go:23 ▶ [DEBUG] Connecting Mysql Successfully 
[GIN-debug] [WARNING] Creating an Engine instance with the Logger and Recovery middleware already attached.

[GIN-debug] [WARNING] Running in "debug" mode. Switch to "release" mode in production.
 - using env:	export GIN_MODE=release
 - using code:	gin.SetMode(gin.ReleaseMode)

[GIN-debug] GET    /base/hello               --> base-gin/api/v1.HelloWorld (3 handlers)
[GIN-VUE-ADMIN]2020/09/04 - 19:08:20.080 /home/work/goStudy/base-gin/core/server.go:21 ▶ [DEBUG] server run success on  :8081
